0 info it worked if it ends with ok
1 verbose cli [ 'C:\\Program Files (x86)\\nodejs\\\\node.exe',
1 verbose cli   'C:\\Program Files (x86)\\nodejs\\node_modules\\npm\\bin\\npm-cli.js',
1 verbose cli   'start' ]
2 info using npm@2.7.4
3 info using node@v0.12.2
4 verbose node symlink C:\Program Files (x86)\nodejs\\node.exe
5 verbose run-script [ 'prestart', 'start', 'poststart' ]
6 info prestart angular-phonecat@0.0.0
7 verbose unsafe-perm in lifecycle true
8 info start angular-phonecat@0.0.0
9 verbose unsafe-perm in lifecycle true
10 info angular-phonecat@0.0.0 Failed to exec start script
11 verbose stack Error: angular-phonecat@0.0.0 start: `http-server ./app -a localhost -p 8000 -c-1`
11 verbose stack Exit status 1
11 verbose stack     at EventEmitter.<anonymous> (C:\Program Files (x86)\nodejs\node_modules\npm\lib\utils\lifecycle.js:213:16)
11 verbose stack     at EventEmitter.emit (events.js:110:17)
11 verbose stack     at ChildProcess.<anonymous> (C:\Program Files (x86)\nodejs\node_modules\npm\lib\utils\spawn.js:14:12)
11 verbose stack     at ChildProcess.emit (events.js:110:17)
11 verbose stack     at maybeClose (child_process.js:1015:16)
11 verbose stack     at Process.ChildProcess._handle.onexit (child_process.js:1087:5)
12 verbose pkgid angular-phonecat@0.0.0
13 verbose cwd C:\Users\r1acemjr\Documents\All_Angular\heroes--villians\app
14 error Windows_NT 6.1.7601
15 error argv "C:\\Program Files (x86)\\nodejs\\\\node.exe" "C:\\Program Files (x86)\\nodejs\\node_modules\\npm\\bin\\npm-cli.js" "start"
16 error node v0.12.2
17 error npm  v2.7.4
18 error code ELIFECYCLE
19 error angular-phonecat@0.0.0 start: `http-server ./app -a localhost -p 8000 -c-1`
19 error Exit status 1
20 error Failed at the angular-phonecat@0.0.0 start script 'http-server ./app -a localhost -p 8000 -c-1'.
20 error This is most likely a problem with the angular-phonecat package,
20 error not with npm itself.
20 error Tell the author that this fails on your system:
20 error     http-server ./app -a localhost -p 8000 -c-1
20 error You can get their info via:
20 error     npm owner ls angular-phonecat
20 error There is likely additional logging output above.
21 verbose exit [ 1, true ]
